#
# A fatal error has been detected by the Java Runtime Environment:
#
#  Internal Error (javaClasses.cpp:126), pid=12804, tid=12840
#  fatal error: Invalid layout of preloaded class
#
# JRE version:  (8.0_25-b18) (build )
# Java VM: Java HotSpot(TM) 64-Bit Server VM (25.25-b02 mixed mode windows-amd64 compressed oops)
# Failed to write core dump. Minidumps are not enabled by default on client versions of Windows
#
# If you would like to submit a bug report, please visit:
#   http://bugreport.sun.com/bugreport/crash.jsp
#

---------------  T H R E A D  ---------------

Current thread (0x000000000026e800):  JavaThread "Unknown thread" [_thread_in_vm, id=12840, stack(0x0000000002800000,0x0000000002900000)]

Stack: [0x0000000002800000,0x0000000002900000]
Native frames: (J=compiled Java code, j=interpreted, Vv=VM code, C=native code)
V  [jvm.dll+0x31667a]
V  [jvm.dll+0x267073]
V  [jvm.dll+0x267cb3]
V  [jvm.dll+0x25f536]
V  [jvm.dll+0x5e773]
V  [jvm.dll+0x5e863]
V  [jvm.dll+0x731ca]
V  [jvm.dll+0x73528]
V  [jvm.dll+0xe48b7]
V  [jvm.dll+0xe4c46]
V  [jvm.dll+0x1f9ae7]
V  [jvm.dll+0x22b2e4]
V  [jvm.dll+0x14d571]
C  [javaw.exe+0x20c6]
C  [javaw.exe+0xc9eb]
C  [javaw.exe+0xca7f]
C  [kernel32.dll+0x159ed]
C  [ntdll.dll+0x2c541]


---------------  P R O C E S S  ---------------

Java Threads: ( => current thread )

Other Threads:

=>0x000000000026e800 (exited) JavaThread "Unknown thread" [_thread_in_vm, id=12840, stack(0x0000000002800000,0x0000000002900000)]

VM state:not at safepoint (not fully initialized)

VM Mutex/Monitor currently owned by a thread: None

GC Heap History (0 events):
No events

Deoptimization events (0 events):
No events

Internal exceptions (0 events):
No events

Events (10 events):
Event: 0.608 loading class java/lang/CharSequence done
Event: 0.608 loading class java/lang/String done
Event: 0.608 loading class java/lang/Class
Event: 0.609 loading class java/lang/reflect/AnnotatedElement
Event: 0.609 loading class java/lang/reflect/AnnotatedElement done
Event: 0.609 loading class java/lang/reflect/GenericDeclaration
Event: 0.609 loading class java/lang/reflect/GenericDeclaration done
Event: 0.609 loading class java/lang/reflect/Type
Event: 0.610 loading class java/lang/reflect/Type done
Event: 0.610 loading class java/lang/Class done


Dynamic libraries:
0x000000013fae0000 - 0x000000013fb14000 	D:\Program Files\Java\jre1.8.0_25\bin\javaw.exe
0x00000000775f0000 - 0x0000000077799000 	C:\Windows\SYSTEM32\ntdll.dll
0x00000000774d0000 - 0x00000000775ef000 	C:\Windows\system32\kernel32.dll
0x000007fefdba0000 - 0x000007fefdc0c000 	C:\Windows\system32\KERNELBASE.dll
0x000007fefe1c0000 - 0x000007fefe29b000 	C:\Windows\system32\ADVAPI32.dll
0x000007fefe110000 - 0x000007fefe1af000 	C:\Windows\system32\msvcrt.dll
0x000007fefe0f0000 - 0x000007fefe10f000 	C:\Windows\SYSTEM32\sechost.dll
0x000007fefe2d0000 - 0x000007fefe3fd000 	C:\Windows\system32\RPCRT4.dll
0x00000000773d0000 - 0x00000000774ca000 	C:\Windows\system32\USER32.dll
0x000007fefe550000 - 0x000007fefe5b7000 	C:\Windows\system32\GDI32.dll
0x000007fefe460000 - 0x000007fefe46e000 	C:\Windows\system32\LPK.dll
0x000007fefe850000 - 0x000007fefe919000 	C:\Windows\system32\USP10.dll
0x000007fefc240000 - 0x000007fefc434000 	C:\Windows\WinSxS\amd64_microsoft.windows.common-controls_6595b64144ccf1df_6.0.7601.17514_none_fa396087175ac9ac\COMCTL32.dll
0x000007fefe7d0000 - 0x000007fefe841000 	C:\Windows\system32\SHLWAPI.dll
0x000007fefe2a0000 - 0x000007fefe2ce000 	C:\Windows\system32\IMM32.DLL
0x000007feff6b0000 - 0x000007feff7b9000 	C:\Windows\system32\MSCTF.dll
0x0000000059650000 - 0x0000000059722000 	D:\Program Files\Java\jre1.8.0_25\bin\msvcr100.dll
0x00000000658e0000 - 0x000000006613a000 	D:\Program Files\Java\jre1.8.0_25\bin\server\jvm.dll
0x000007fef21a0000 - 0x000007fef21a9000 	C:\Windows\system32\WSOCK32.dll
0x000007fefe000000 - 0x000007fefe04d000 	C:\Windows\system32\WS2_32.dll
0x000007fefe1b0000 - 0x000007fefe1b8000 	C:\Windows\system32\NSI.dll
0x000007fefb800000 - 0x000007fefb83b000 	C:\Windows\system32\WINMM.dll
0x00000000777b0000 - 0x00000000777b7000 	C:\Windows\system32\PSAPI.DLL
0x0000000072c40000 - 0x0000000072c4f000 	D:\Program Files\Java\jre1.8.0_25\bin\verify.dll
0x0000000072c10000 - 0x0000000072c38000 	D:\Program Files\Java\jre1.8.0_25\bin\java.dll
0x0000000072bf0000 - 0x0000000072c06000 	D:\Program Files\Java\jre1.8.0_25\bin\zip.dll
0x000007fef9280000 - 0x000007fef93a5000 	C:\Windows\system32\dbghelp.dll

VM Arguments:
jvm_args: -Dfile.encoding=GBK -Xbootclasspath:D:\adt-bundle-windows-x86_64-20140702\sdk\platforms\android-16\android.jar 
java_command: com.zhcs.parklist.GeoDistance
java_class_path (initial): D:\eclipse-java-luna-SR1-win32-x86_64\eclipse\workspace\ParkingSpaceDriver\libs\avospush-v2.5.8.2.jar;D:\eclipse-java-luna-SR1-win32-x86_64\eclipse\workspace\ParkingSpaceDriver\libs\json.jar;D:\eclipse-java-luna-SR1-win32-x86_64\eclipse\workspace\ParkingSpaceDriver\libs\lbsCoreSDK.jar;D:\eclipse-java-luna-SR1-win32-x86_64\eclipse\workspace\ParkingSpaceDriver\libs\android-support-v4.jar;D:\eclipse-java-luna-SR1-win32-x86_64\eclipse\workspace\ParkingSpaceDriver\libs\galaxy_mini_lbs.jar;D:\eclipse-java-luna-SR1-win32-x86_64\eclipse\workspace\ParkingSpaceDriver\libs\android-async-http-1.4.4-fix.jar;D:\eclipse-java-luna-SR1-win32-x86_64\eclipse\workspace\ParkingSpaceDriver\libs\galaxy_mini.jar;D:\eclipse-java-luna-SR1-win32-x86_64\eclipse\workspace\ParkingSpaceDriver\libs\weibo.sdk.android.sso.jar;D:\eclipse-java-luna-SR1-win32-x86_64\eclipse\workspace\ParkingSpaceDriver\libs\avosstatistics-v2.5.8.2.jar;D:\eclipse-java-luna-SR1-win32-x86_64\eclipse\workspace\ParkingSpaceDriver\libs\BaiduNaviSDK_v1_1_0.jar;D:\eclipse-java-luna-SR1-win32-x86_64\eclipse\workspace\ParkingSpaceDriver\libs\qq.sdk.1.6.1.jar;D:\eclipse-java-luna-SR1-win32-x86_64\eclipse\workspace\ParkingSpaceDriver\libs\avoscloud-v2.5.8.2.jar;D:\eclipse-java-luna-SR1-win32-x86_64\eclipse\workspace\ParkingSpaceDriver\libs\android_api_1.1_forsdk.jar;D:\eclipse-java-luna-SR1-win32-x86_64\eclipse\workspace\ParkingSpaceDriver\libs\fastjson.jar;D:\eclipse-java-luna-SR1-win32-x86_64\eclipse\workspace\ParkingSpaceDriver\libs\httpmime-4.2.4.jar;D:\eclipse-java-luna-SR1-win32-x86_64\eclipse\workspace\ParkingSpaceDriver\libs\baidumapapi_v2_4_1.jar;D:\eclipse-java-luna-SR1-win32-x86_64\eclipse\workspace\ParkingSpaceDriver\libs\avossns-v2.5.8.2.jar;D:\eclipse-java-luna-SR1-win32-x86_64\eclipse\workspace\ParkingSpaceDriver\libs\core.jar;D:\eclipse-java-luna-SR1-win32-x86_64\eclipse\workspace\ParkingSpaceDriver\libs\locSDK_4.1.jar;D:\eclipse-java-luna-SR1-win32-x86_64\eclipse\workspace\ParkingSpace
Launcher Type: SUN_STANDARD

Environment Variables:
JAVA_HOME=D:\Program Files\Java\jdk1.8.0_25
PATH=D:/Program Files/Java/jre1.8.0_25/bin/server;D:/Program Files/Java/jre1.8.0_25/bin;D:/Program Files/Java/jre1.8.0_25/lib/amd64;C:\ProgramData\Oracle\Java\javapath;C:\Windows\system32;C:\Windows;C:\Windows\System32\Wbem;C:\Windows\System32\WindowsPowerShell\v1.0\;D:\Python27;C:\Program Files\EmEditor;D:\Python27\Scripts;C:\Program Files\TortoiseSVN\bin;C:\Program Files (x86)\IDM Computer Solutions\UltraEdit\;D:\eclipse-java-luna-SR1-win32-x86_64\eclipse;
USERNAME=gzs2218
OS=Windows_NT
PROCESSOR_IDENTIFIER=Intel64 Family 6 Model 60 Stepping 3, GenuineIntel



---------------  S Y S T E M  ---------------

OS: Windows 7 , 64 bit Build 7601 Service Pack 1

CPU:total 2 (2 cores per cpu, 1 threads per core) family 6 model 60 stepping 3, cmov, cx8, fxsr, mmx, sse, sse2, sse3, ssse3, sse4.1, sse4.2, popcnt, clmul, erms, lzcnt, tsc, tscinvbit

Memory: 4k page, physical 4140112k(980712k free), swap 8278360k(2056748k free)

vm_info: Java HotSpot(TM) 64-Bit Server VM (25.25-b02) for windows-amd64 JRE (1.8.0_25-b18), built on Oct  7 2014 14:25:37 by "java_re" with MS VC++ 10.0 (VS2010)

time: Wed Dec 17 22:26:32 2014
elapsed time: 1 seconds (0d 0h 0m 1s)

